Sun Apr 20 08:20:10 UTC 2025
Sun Apr 20 13:14:05 UTC 2025
Mon Apr 21 13:17:22 UTC 2025
Tue Apr 22 13:35:05 UTC 2025
Wed Apr 23 13:35:55 UTC 2025
Thu Apr 24 13:36:40 UTC 2025
Fri Apr 25 13:19:26 UTC 2025
Sat Apr 26 13:04:08 UTC 2025
Sun Apr 27 13:04:25 UTC 2025
Mon Apr 28 13:49:56 UTC 2025
Tue Apr 29 13:44:28 UTC 2025
Wed Apr 30 13:35:07 UTC 2025
Thu May  1 13:17:57 UTC 2025
Fri May  2 13:34:05 UTC 2025
Sat May  3 13:13:08 UTC 2025
Sun May  4 13:13:46 UTC 2025
Mon May  5 13:36:11 UTC 2025
Tue May  6 13:40:28 UTC 2025
Wed May  7 13:42:58 UTC 2025
Thu May  8 13:35:32 UTC 2025
Fri May  9 13:35:21 UTC 2025
Sat May 10 13:13:30 UTC 2025
Sun May 11 13:13:42 UTC 2025
Mon May 12 13:41:58 UTC 2025
